<?xml version="1.0" encoding="UTF-8"?>
<!-- Generated by org.testng.reporters.JUnitReportReporter -->
<testsuite hostname="DESKTOP-LJI0VAB" failures="0" tests="1" name="testcase.LoginTest" time="4.802" errors="0" timestamp="2023-02-25T16:35:59 IST" skipped="0">
  <testcase classname="testcase.LoginTest" name="runLoginTest" time="4.802"/>
  <system-out/>
</testsuite> <!-- testcase.LoginTest -->
